[debug] > Exec(early(addDefaultCommands), None, None)
[debug] > Exec(addDefaultCommands, None, None)
[debug] > Exec(early(initialize), None, None)
[debug] > Exec(initialize, None, None)
[debug] > Exec(boot, None, None)
[debug] > Exec(writeSbtVersion, None, None)
[debug] > Exec(reload, None, None)
[debug] > Exec(sbtStashOnFailure, None, None)
[debug] > Exec(onFailure loadFailed, None, None)
[debug] > Exec(loadp, None, None)
[info] welcome to sbt 1.9.4 (Oracle Corporation Java 14)
[debug]       Load.loadUnit: plugins took 102.717478ms
[debug]       Load.loadUnit: defsScala took 0.478034ms
[debug] [Loading] Scanning directory /home/knoldus/.sbt/1.0/plugins
[debug] [Loading] Found non-root projects 
[debug] [Loading] Done in /home/knoldus/.sbt/1.0/plugins, returning: ()
[debug] deducing auto plugins based on known facts Set(Atom(sbt.plugins.CorePlugin)) and clauses Clauses(Clause(Atom(sbt.plugins.JvmPlugin),Set(Atom(sbt.plugins.IvyPlugin)))
[debug] Clause(Atom(sbt.ScriptedPlugin),Set(Atom(sbt.plugins.JvmPlugin)))
[debug] Clause(Atom(sbt.plugins.SbtPlugin),Set(Atom(sbt.ScriptedPlugin)))
[debug] Clause(Atom(sbt.plugins.SemanticdbPlugin),Set(Atom(sbt.plugins.JvmPlugin)))
[debug] Clause(Atom(sbt.plugins.JUnitXmlReportPlugin),Set(Atom(sbt.plugins.JvmPlugin)))
[debug] Clause(Atom(sbt.plugins.MiniDependencyTreePlugin),Set(Atom(sbt.plugins.JvmPlugin)))
[debug] Clause(Atom(sbt.plugins.CorePlugin),Set(Atom(sbt.plugins.IvyPlugin)))
[debug] Clause(Atom(sbt.plugins.IvyPlugin),Set(Atom(sbt.plugins.JvmPlugin)))
[debug] Clause(Atom(sbt.plugins.JvmPlugin),Set(Atom(sbt.plugins.SemanticdbPlugin)))
[debug] Clause(Atom(sbt.plugins.JvmPlugin),Set(Atom(sbt.plugins.JUnitXmlReportPlugin)))
[debug] Clause(Atom(sbt.plugins.CorePlugin),Set(Atom(sbt.plugins.Giter8TemplatePlugin)))
[debug] Clause(Atom(sbt.plugins.JvmPlugin),Set(Atom(sbt.plugins.MiniDependencyTreePlugin))))
[debug]   :: deduced result: Matched(sbt.plugins.CorePlugin,sbt.plugins.Giter8TemplatePlugin,sbt.plugins.IvyPlugin,sbt.plugins.JvmPlugin,sbt.plugins.MiniDependencyTreePlugin,sbt.plugins.JUnitXmlReportPlugin,sbt.plugins.SemanticdbPlugin)
[debug] Plugins.deducer#function took 19.827332 ms
[debug]           Load.resolveProject(global-plugins) took 57.936735ms
[debug]         Load.loadTransitive: finalizeProject(Project(id global-plugins, base: /home/knoldus/.sbt/1.0/plugins, plugins: List(<none>))) took 103.511008ms
[debug] [Loading] Done in /home/knoldus/.sbt/1.0/plugins, returning: (global-plugins)
[debug]       Load.loadUnit: loadedProjectsRaw took 136.811013ms
[debug]       Load.loadUnit: cleanEvalClasses took 0.512968ms
[debug]     Load.loadUnit(file:/home/knoldus/.sbt/1.0/plugins/, ...) took 252.277158ms
[debug]   Load.apply: load took 519.463544ms
[debug]   Load.apply: resolveProjects took 6.40508ms
[debug]   Load.apply: finalTransforms took 90.542714ms
[debug]   Load.apply: config.delegates took 9.841928ms
[debug]   Load.apply: Def.make(settings)... took 500.5877ms
[debug]   Load.apply: structureIndex took 129.959764ms
[debug]   Load.apply: mkStreams took 2.299244ms
[info] loading global plugins from /home/knoldus/.sbt/1.0/plugins
[debug] Running task... Cancel: Signal, check cycles: false, forcegc: true
[debug] Load.defaultLoad until apply took 2463.375958ms
[debug]           Load.loadUnit: plugins took 18.500421ms
[debug]           Load.loadUnit: defsScala took 0.003776ms
[debug] [Loading] Scanning directory /home/knoldus/Documents/event-driven-programming/delivery/project
[debug] [Loading] Found non-root projects 
[debug] [Loading] Done in /home/knoldus/Documents/event-driven-programming/delivery/project, returning: ()
[debug] deducing auto plugins based on known facts Set(Atom(sbt.plugins.CorePlugin)) and clauses Clauses(Clause(Atom(sbt.plugins.JvmPlugin),Set(Atom(sbt.plugins.IvyPlugin)))
[debug] Clause(Atom(sbt.ScriptedPlugin),Set(Atom(sbt.plugins.JvmPlugin)))
[debug] Clause(Atom(sbt.plugins.SbtPlugin),Set(Atom(sbt.ScriptedPlugin)))
[debug] Clause(Atom(sbt.plugins.SemanticdbPlugin),Set(Atom(sbt.plugins.JvmPlugin)))
[debug] Clause(Atom(sbt.plugins.JUnitXmlReportPlugin),Set(Atom(sbt.plugins.JvmPlugin)))
[debug] Clause(Atom(sbt.plugins.MiniDependencyTreePlugin),Set(Atom(sbt.plugins.JvmPlugin)))
[debug] Clause(Atom(sbt.plugins.CorePlugin),Set(Atom(sbt.plugins.IvyPlugin)))
[debug] Clause(Atom(sbt.plugins.IvyPlugin),Set(Atom(sbt.plugins.JvmPlugin)))
[debug] Clause(Atom(sbt.plugins.JvmPlugin),Set(Atom(sbt.plugins.SemanticdbPlugin)))
[debug] Clause(Atom(sbt.plugins.JvmPlugin),Set(Atom(sbt.plugins.JUnitXmlReportPlugin)))
[debug] Clause(Atom(sbt.plugins.CorePlugin),Set(Atom(sbt.plugins.Giter8TemplatePlugin)))
[debug] Clause(Atom(sbt.plugins.JvmPlugin),Set(Atom(sbt.plugins.MiniDependencyTreePlugin))))
[debug]   :: deduced result: Matched(sbt.plugins.CorePlugin,sbt.plugins.Giter8TemplatePlugin,sbt.plugins.IvyPlugin,sbt.plugins.JvmPlugin,sbt.plugins.MiniDependencyTreePlugin,sbt.plugins.JUnitXmlReportPlugin,sbt.plugins.SemanticdbPlugin)
[debug] Plugins.deducer#function took 4.647995 ms
[debug]               Load.resolveProject(delivery-build) took 1.586845ms
[debug]             Load.loadTransitive: finalizeProject(Project(id delivery-build, base: /home/knoldus/Documents/event-driven-programming/delivery/project, plugins: List(<none>))) took 6.957286ms
[debug] [Loading] Done in /home/knoldus/Documents/event-driven-programming/delivery/project, returning: (delivery-build)
[debug]           Load.loadUnit: loadedProjectsRaw took 8.478181ms
[debug]           Load.loadUnit: cleanEvalClasses took 0.019004ms
[debug]         Load.loadUnit(file:/home/knoldus/Documents/event-driven-programming/delivery/project/, ...) took 27.584067ms
[debug]       Load.apply: load took 29.281657ms
[debug]       Load.apply: resolveProjects took 0.18417ms
[debug]       Load.apply: finalTransforms took 12.516215ms
[debug]       Load.apply: config.delegates took 0.697571ms
[debug]       Load.apply: Def.make(settings)... took 104.106721ms
[debug]       Load.apply: structureIndex took 42.88193ms
[debug]       Load.apply: mkStreams took 0.004419ms
[info] loading project definition from /home/knoldus/Documents/event-driven-programming/delivery/project
[debug] Running task... Cancel: Signal, check cycles: false, forcegc: true
[debug]     Load.loadUnit: plugins took 468.198912ms
[debug]     Load.loadUnit: defsScala took 0.004578ms
[debug] [Loading] Scanning directory /home/knoldus/Documents/event-driven-programming/delivery
[debug]       Load.loadUnit: mkEval took 6.280646ms
[debug] [Loading] Found root project root w/ remaining 
[debug] deducing auto plugins based on known facts Set(Atom(sbt.plugins.CorePlugin)) and clauses Clauses(Clause(Atom(sbt.plugins.JvmPlugin),Set(Atom(sbt.plugins.IvyPlugin)))
[debug] Clause(Atom(sbt.ScriptedPlugin),Set(Atom(sbt.plugins.JvmPlugin)))
[debug] Clause(Atom(sbt.plugins.SbtPlugin),Set(Atom(sbt.ScriptedPlugin)))
[debug] Clause(Atom(sbt.plugins.SemanticdbPlugin),Set(Atom(sbt.plugins.JvmPlugin)))
[debug] Clause(Atom(sbt.plugins.JUnitXmlReportPlugin),Set(Atom(sbt.plugins.JvmPlugin)))
[debug] Clause(Atom(sbt.plugins.MiniDependencyTreePlugin),Set(Atom(sbt.plugins.JvmPlugin)))
[debug] Clause(Atom(sbt.plugins.CorePlugin),Set(Atom(sbt.plugins.IvyPlugin)))
[debug] Clause(Atom(sbt.plugins.IvyPlugin),Set(Atom(sbt.plugins.JvmPlugin)))
[debug] Clause(Atom(sbt.plugins.JvmPlugin),Set(Atom(sbt.plugins.SemanticdbPlugin)))
[debug] Clause(Atom(sbt.plugins.JvmPlugin),Set(Atom(sbt.plugins.JUnitXmlReportPlugin)))
[debug] Clause(Atom(sbt.plugins.CorePlugin),Set(Atom(sbt.plugins.Giter8TemplatePlugin)))
[debug] Clause(Atom(sbt.plugins.JvmPlugin),Set(Atom(sbt.plugins.MiniDependencyTreePlugin))))
[debug]   :: deduced result: Matched(sbt.plugins.CorePlugin,sbt.plugins.Giter8TemplatePlugin,sbt.plugins.IvyPlugin,sbt.plugins.JvmPlugin,sbt.plugins.MiniDependencyTreePlugin,sbt.plugins.JUnitXmlReportPlugin,sbt.plugins.SemanticdbPlugin)
[debug] Plugins.deducer#function took 2.225385 ms
[info] loading settings for project root from build.sbt ...
[debug]         Load.resolveProject(root) took 3.229234ms
[debug]       Load.loadTransitive: finalizeProject(Project(id root, base: /home/knoldus/Documents/event-driven-programming/delivery, plugins: List(<none>))) took 7.959489ms
[debug] [Loading] Done in /home/knoldus/Documents/event-driven-programming/delivery, returning: (root)
[debug]     Load.loadUnit: loadedProjectsRaw took 5738.173451ms
[debug]     Load.loadUnit: cleanEvalClasses took 27.597091ms
[debug]   Load.loadUnit(file:/home/knoldus/Documents/event-driven-programming/delivery/, ...) took 6234.754926ms
[debug] Load.apply: load took 6242.574879ms
[debug] Load.apply: resolveProjects took 0.268451ms
[debug] Load.apply: finalTransforms took 12.562926ms
[debug] Load.apply: config.delegates took 0.69573ms
[debug] Load.apply: Def.make(settings)... took 397.211952ms
[debug] Load.apply: structureIndex took 86.309067ms
[debug] Load.apply: mkStreams took 0.004118ms
[info] set current project to delivery (in build file:/home/knoldus/Documents/event-driven-programming/delivery/)
[debug] > Exec(sbtPopOnFailure, None, None)
[debug] > Exec(resumeFromFailure, None, None)
[debug] > Exec(notifyUsersAboutShell, None, None)
[debug] > Exec(iflast shell, None, None)
[debug] > Exec(shell, None, None)
[info] sbt server started at local:///home/knoldus/.sbt/1.0/server/684e3f159c0769a6915f/sock
[debug] Writing bsp connection file
[info] started sbt server
