[debug] > Exec(early(addDefaultCommands), None, None)
[debug] > Exec(addDefaultCommands, None, None)
[debug] > Exec(early(initialize), None, None)
[debug] > Exec(initialize, None, None)
[debug] > Exec(boot, None, None)
[debug] > Exec(writeSbtVersion, None, None)
[debug] > Exec(reload, None, None)
[debug] > Exec(sbtStashOnFailure, None, None)
[debug] > Exec(onFailure loadFailed, None, None)
[debug] > Exec(loadp, None, None)
[info] welcome to sbt 1.9.4 (Oracle Corporation Java 14)
[debug]       Load.loadUnit: plugins took 104.102436ms
[debug]       Load.loadUnit: defsScala took 0.40983ms
[debug] [Loading] Scanning directory /home/knoldus/.sbt/1.0/plugins
[debug] [Loading] Found non-root projects 
[debug] [Loading] Done in /home/knoldus/.sbt/1.0/plugins, returning: ()
[debug] deducing auto plugins based on known facts Set(Atom(sbt.plugins.CorePlugin)) and clauses Clauses(Clause(Atom(sbt.plugins.JvmPlugin),Set(Atom(sbt.plugins.IvyPlugin)))
[debug] Clause(Atom(sbt.ScriptedPlugin),Set(Atom(sbt.plugins.JvmPlugin)))
[debug] Clause(Atom(sbt.plugins.SbtPlugin),Set(Atom(sbt.ScriptedPlugin)))
[debug] Clause(Atom(sbt.plugins.SemanticdbPlugin),Set(Atom(sbt.plugins.JvmPlugin)))
[debug] Clause(Atom(sbt.plugins.JUnitXmlReportPlugin),Set(Atom(sbt.plugins.JvmPlugin)))
[debug] Clause(Atom(sbt.plugins.MiniDependencyTreePlugin),Set(Atom(sbt.plugins.JvmPlugin)))
[debug] Clause(Atom(sbt.plugins.CorePlugin),Set(Atom(sbt.plugins.IvyPlugin)))
[debug] Clause(Atom(sbt.plugins.IvyPlugin),Set(Atom(sbt.plugins.JvmPlugin)))
[debug] Clause(Atom(sbt.plugins.JvmPlugin),Set(Atom(sbt.plugins.SemanticdbPlugin)))
[debug] Clause(Atom(sbt.plugins.JvmPlugin),Set(Atom(sbt.plugins.JUnitXmlReportPlugin)))
[debug] Clause(Atom(sbt.plugins.CorePlugin),Set(Atom(sbt.plugins.Giter8TemplatePlugin)))
[debug] Clause(Atom(sbt.plugins.JvmPlugin),Set(Atom(sbt.plugins.MiniDependencyTreePlugin))))
[debug]   :: deduced result: Matched(sbt.plugins.CorePlugin,sbt.plugins.Giter8TemplatePlugin,sbt.plugins.IvyPlugin,sbt.plugins.JvmPlugin,sbt.plugins.MiniDependencyTreePlugin,sbt.plugins.JUnitXmlReportPlugin,sbt.plugins.SemanticdbPlugin)
[debug] Plugins.deducer#function took 23.913191 ms
[debug]           Load.resolveProject(global-plugins) took 64.067072ms
[debug]         Load.loadTransitive: finalizeProject(Project(id global-plugins, base: /home/knoldus/.sbt/1.0/plugins, plugins: List(<none>))) took 107.083055ms
[debug] [Loading] Done in /home/knoldus/.sbt/1.0/plugins, returning: (global-plugins)
[debug]       Load.loadUnit: loadedProjectsRaw took 131.7523ms
[debug]       Load.loadUnit: cleanEvalClasses took 0.343478ms
[debug]     Load.loadUnit(file:/home/knoldus/.sbt/1.0/plugins/, ...) took 248.752676ms
[debug]   Load.apply: load took 471.551213ms
[debug]   Load.apply: resolveProjects took 7.284657ms
[debug]   Load.apply: finalTransforms took 74.61186ms
[debug]   Load.apply: config.delegates took 14.720665ms
[debug]   Load.apply: Def.make(settings)... took 458.904742ms
[debug]   Load.apply: structureIndex took 114.43104ms
[debug]   Load.apply: mkStreams took 1.86406ms
[info] loading global plugins from /home/knoldus/.sbt/1.0/plugins
[debug] Running task... Cancel: Signal, check cycles: false, forcegc: true
[debug] Load.defaultLoad until apply took 2423.075544ms
[debug]           Load.loadUnit: plugins took 21.445118ms
[debug]           Load.loadUnit: defsScala took 0.004366ms
[debug] [Loading] Scanning directory /home/knoldus/Documents/event-driven-programming/delivery/project
[debug]             Load.loadUnit: mkEval took 6.755136ms
[debug] [Loading] Found non-root projects 
[debug] [Loading] Done in /home/knoldus/Documents/event-driven-programming/delivery/project, returning: ()
[debug] deducing auto plugins based on known facts Set(Atom(sbt.plugins.CorePlugin)) and clauses Clauses(Clause(Atom(sbt.plugins.JvmPlugin),Set(Atom(sbt.plugins.IvyPlugin)))
[debug] Clause(Atom(sbt.ScriptedPlugin),Set(Atom(sbt.plugins.JvmPlugin)))
[debug] Clause(Atom(sbt.plugins.SbtPlugin),Set(Atom(sbt.ScriptedPlugin)))
[debug] Clause(Atom(sbt.plugins.SemanticdbPlugin),Set(Atom(sbt.plugins.JvmPlugin)))
[debug] Clause(Atom(sbt.plugins.JUnitXmlReportPlugin),Set(Atom(sbt.plugins.JvmPlugin)))
[debug] Clause(Atom(sbt.plugins.MiniDependencyTreePlugin),Set(Atom(sbt.plugins.JvmPlugin)))
[debug] Clause(Atom(sbt.plugins.CorePlugin),Set(Atom(sbt.plugins.IvyPlugin)))
[debug] Clause(Atom(sbt.plugins.IvyPlugin),Set(Atom(sbt.plugins.JvmPlugin)))
[debug] Clause(Atom(sbt.plugins.JvmPlugin),Set(Atom(sbt.plugins.SemanticdbPlugin)))
[debug] Clause(Atom(sbt.plugins.JvmPlugin),Set(Atom(sbt.plugins.JUnitXmlReportPlugin)))
[debug] Clause(Atom(sbt.plugins.CorePlugin),Set(Atom(sbt.plugins.Giter8TemplatePlugin)))
[debug] Clause(Atom(sbt.plugins.JvmPlugin),Set(Atom(sbt.plugins.MiniDependencyTreePlugin))))
[debug]   :: deduced result: Matched(sbt.plugins.CorePlugin,sbt.plugins.Giter8TemplatePlugin,sbt.plugins.IvyPlugin,sbt.plugins.JvmPlugin,sbt.plugins.MiniDependencyTreePlugin,sbt.plugins.JUnitXmlReportPlugin,sbt.plugins.SemanticdbPlugin)
[debug] Plugins.deducer#function took 2.66175 ms
[info] loading settings for project delivery-build from plugins.sbt ...
[debug]               Load.resolveProject(delivery-build) took 3.374272ms
[debug]             Load.loadTransitive: finalizeProject(Project(id delivery-build, base: /home/knoldus/Documents/event-driven-programming/delivery/project, plugins: List(<none>))) took 6.808068ms
[debug] [Loading] Done in /home/knoldus/Documents/event-driven-programming/delivery/project, returning: (delivery-build)
[debug]           Load.loadUnit: loadedProjectsRaw took 159.101167ms
[debug]           Load.loadUnit: cleanEvalClasses took 4.454181ms
[debug]         Load.loadUnit(file:/home/knoldus/Documents/event-driven-programming/delivery/project/, ...) took 185.912226ms
[debug]       Load.apply: load took 187.87362ms
[debug]       Load.apply: resolveProjects took 0.303636ms
[debug]       Load.apply: finalTransforms took 16.455127ms
[debug]       Load.apply: config.delegates took 0.567722ms
[debug]       Load.apply: Def.make(settings)... took 124.317353ms
[debug]       Load.apply: structureIndex took 41.163427ms
[debug]       Load.apply: mkStreams took 0.003316ms
[info] loading project definition from /home/knoldus/Documents/event-driven-programming/delivery/project
[debug] Running task... Cancel: Signal, check cycles: false, forcegc: true
[debug]     Load.loadUnit: plugins took 1204.409724ms
[debug]     Load.loadUnit: defsScala took 0.008342ms
[debug] [Loading] Scanning directory /home/knoldus/Documents/event-driven-programming/delivery
[debug]       Load.loadUnit: mkEval took 0.308624ms
