[debug] > Exec(early(addDefaultCommands), None, None)
[debug] > Exec(addDefaultCommands, None, None)
[debug] > Exec(early(initialize), None, None)
[debug] > Exec(initialize, None, None)
[debug] > Exec(boot, None, None)
[debug] > Exec(writeSbtVersion, None, None)
[debug] > Exec(reload, None, None)
[debug] > Exec(sbtStashOnFailure, None, None)
[debug] > Exec(onFailure loadFailed, None, None)
[debug] > Exec(loadp, None, None)
[info] welcome to sbt 1.9.4 (Oracle Corporation Java 14)
[debug]       Load.loadUnit: plugins took 107.265359ms
[debug]       Load.loadUnit: defsScala took 0.490761ms
[debug] [Loading] Scanning directory /home/knoldus/.sbt/1.0/plugins
[debug] [Loading] Found non-root projects 
[debug] [Loading] Done in /home/knoldus/.sbt/1.0/plugins, returning: ()
[debug] deducing auto plugins based on known facts Set(Atom(sbt.plugins.CorePlugin)) and clauses Clauses(Clause(Atom(sbt.plugins.JvmPlugin),Set(Atom(sbt.plugins.IvyPlugin)))
[debug] Clause(Atom(sbt.ScriptedPlugin),Set(Atom(sbt.plugins.JvmPlugin)))
[debug] Clause(Atom(sbt.plugins.SbtPlugin),Set(Atom(sbt.ScriptedPlugin)))
[debug] Clause(Atom(sbt.plugins.SemanticdbPlugin),Set(Atom(sbt.plugins.JvmPlugin)))
[debug] Clause(Atom(sbt.plugins.JUnitXmlReportPlugin),Set(Atom(sbt.plugins.JvmPlugin)))
[debug] Clause(Atom(sbt.plugins.MiniDependencyTreePlugin),Set(Atom(sbt.plugins.JvmPlugin)))
[debug] Clause(Atom(sbt.plugins.CorePlugin),Set(Atom(sbt.plugins.IvyPlugin)))
[debug] Clause(Atom(sbt.plugins.IvyPlugin),Set(Atom(sbt.plugins.JvmPlugin)))
[debug] Clause(Atom(sbt.plugins.JvmPlugin),Set(Atom(sbt.plugins.SemanticdbPlugin)))
[debug] Clause(Atom(sbt.plugins.JvmPlugin),Set(Atom(sbt.plugins.JUnitXmlReportPlugin)))
[debug] Clause(Atom(sbt.plugins.CorePlugin),Set(Atom(sbt.plugins.Giter8TemplatePlugin)))
[debug] Clause(Atom(sbt.plugins.JvmPlugin),Set(Atom(sbt.plugins.MiniDependencyTreePlugin))))
[debug]   :: deduced result: Matched(sbt.plugins.CorePlugin,sbt.plugins.Giter8TemplatePlugin,sbt.plugins.IvyPlugin,sbt.plugins.JvmPlugin,sbt.plugins.MiniDependencyTreePlugin,sbt.plugins.JUnitXmlReportPlugin,sbt.plugins.SemanticdbPlugin)
[debug] Plugins.deducer#function took 27.467816 ms
[debug]           Load.resolveProject(global-plugins) took 81.003398ms
[debug]         Load.loadTransitive: finalizeProject(Project(id global-plugins, base: /home/knoldus/.sbt/1.0/plugins, plugins: List(<none>))) took 143.052603ms
[debug] [Loading] Done in /home/knoldus/.sbt/1.0/plugins, returning: (global-plugins)
[debug]       Load.loadUnit: loadedProjectsRaw took 174.423564ms
[debug]       Load.loadUnit: cleanEvalClasses took 0.265445ms
[debug]     Load.loadUnit(file:/home/knoldus/.sbt/1.0/plugins/, ...) took 292.906313ms
[debug]   Load.apply: load took 524.951298ms
[debug]   Load.apply: resolveProjects took 8.719619ms
[debug]   Load.apply: finalTransforms took 86.211968ms
[debug]   Load.apply: config.delegates took 19.120757ms
[debug]   Load.apply: Def.make(settings)... took 582.449444ms
[debug]   Load.apply: structureIndex took 129.298871ms
[debug]   Load.apply: mkStreams took 1.730891ms
[info] loading global plugins from /home/knoldus/.sbt/1.0/plugins
[debug] Running task... Cancel: Signal, check cycles: false, forcegc: true
[debug] Load.defaultLoad until apply took 2676.282283ms
[debug]           Load.loadUnit: plugins took 24.806598ms
[debug]           Load.loadUnit: defsScala took 0.004657ms
[debug] [Loading] Scanning directory /home/knoldus/Documents/event-driven-programming/delivery/project
[debug] [Loading] Found non-root projects 
[debug] [Loading] Done in /home/knoldus/Documents/event-driven-programming/delivery/project, returning: ()
[debug] deducing auto plugins based on known facts Set(Atom(sbt.plugins.CorePlugin)) and clauses Clauses(Clause(Atom(sbt.plugins.JvmPlugin),Set(Atom(sbt.plugins.IvyPlugin)))
[debug] Clause(Atom(sbt.ScriptedPlugin),Set(Atom(sbt.plugins.JvmPlugin)))
[debug] Clause(Atom(sbt.plugins.SbtPlugin),Set(Atom(sbt.ScriptedPlugin)))
[debug] Clause(Atom(sbt.plugins.SemanticdbPlugin),Set(Atom(sbt.plugins.JvmPlugin)))
[debug] Clause(Atom(sbt.plugins.JUnitXmlReportPlugin),Set(Atom(sbt.plugins.JvmPlugin)))
[debug] Clause(Atom(sbt.plugins.MiniDependencyTreePlugin),Set(Atom(sbt.plugins.JvmPlugin)))
[debug] Clause(Atom(sbt.plugins.CorePlugin),Set(Atom(sbt.plugins.IvyPlugin)))
[debug] Clause(Atom(sbt.plugins.IvyPlugin),Set(Atom(sbt.plugins.JvmPlugin)))
[debug] Clause(Atom(sbt.plugins.JvmPlugin),Set(Atom(sbt.plugins.SemanticdbPlugin)))
[debug] Clause(Atom(sbt.plugins.JvmPlugin),Set(Atom(sbt.plugins.JUnitXmlReportPlugin)))
[debug] Clause(Atom(sbt.plugins.CorePlugin),Set(Atom(sbt.plugins.Giter8TemplatePlugin)))
[debug] Clause(Atom(sbt.plugins.JvmPlugin),Set(Atom(sbt.plugins.MiniDependencyTreePlugin))))
[debug]   :: deduced result: Matched(sbt.plugins.CorePlugin,sbt.plugins.Giter8TemplatePlugin,sbt.plugins.IvyPlugin,sbt.plugins.JvmPlugin,sbt.plugins.MiniDependencyTreePlugin,sbt.plugins.JUnitXmlReportPlugin,sbt.plugins.SemanticdbPlugin)
[debug] Plugins.deducer#function took 2.370126 ms
[debug]               Load.resolveProject(delivery-build) took 1.281218ms
[debug]             Load.loadTransitive: finalizeProject(Project(id delivery-build, base: /home/knoldus/Documents/event-driven-programming/delivery/project, plugins: List(<none>))) took 4.332339ms
[debug] [Loading] Done in /home/knoldus/Documents/event-driven-programming/delivery/project, returning: (delivery-build)
[debug]           Load.loadUnit: loadedProjectsRaw took 6.027709ms
[debug]           Load.loadUnit: cleanEvalClasses took 0.01294ms
[debug]         Load.loadUnit(file:/home/knoldus/Documents/event-driven-programming/delivery/project/, ...) took 31.331565ms
[debug]       Load.apply: load took 32.607909ms
[debug]       Load.apply: resolveProjects took 0.098244ms
[debug]       Load.apply: finalTransforms took 11.939054ms
[debug]       Load.apply: config.delegates took 0.398996ms
[debug]       Load.apply: Def.make(settings)... took 117.97407ms
[debug]       Load.apply: structureIndex took 49.703057ms
[debug]       Load.apply: mkStreams took 0.006005ms
[info] loading project definition from /home/knoldus/Documents/event-driven-programming/delivery/project
[debug] Running task... Cancel: Signal, check cycles: false, forcegc: true
[debug]     Load.loadUnit: plugins took 538.108992ms
[debug]     Load.loadUnit: defsScala took 0.004478ms
[debug] [Loading] Scanning directory /home/knoldus/Documents/event-driven-programming/delivery
[debug]       Load.loadUnit: mkEval took 6.595213ms
[debug] [Loading] Found root project root w/ remaining 
[debug] deducing auto plugins based on known facts Set(Atom(sbt.plugins.CorePlugin)) and clauses Clauses(Clause(Atom(sbt.plugins.JvmPlugin),Set(Atom(sbt.plugins.IvyPlugin)))
[debug] Clause(Atom(sbt.ScriptedPlugin),Set(Atom(sbt.plugins.JvmPlugin)))
[debug] Clause(Atom(sbt.plugins.SbtPlugin),Set(Atom(sbt.ScriptedPlugin)))
[debug] Clause(Atom(sbt.plugins.SemanticdbPlugin),Set(Atom(sbt.plugins.JvmPlugin)))
[debug] Clause(Atom(sbt.plugins.JUnitXmlReportPlugin),Set(Atom(sbt.plugins.JvmPlugin)))
[debug] Clause(Atom(sbt.plugins.MiniDependencyTreePlugin),Set(Atom(sbt.plugins.JvmPlugin)))
[debug] Clause(Atom(sbt.plugins.CorePlugin),Set(Atom(sbt.plugins.IvyPlugin)))
[debug] Clause(Atom(sbt.plugins.IvyPlugin),Set(Atom(sbt.plugins.JvmPlugin)))
[debug] Clause(Atom(sbt.plugins.JvmPlugin),Set(Atom(sbt.plugins.SemanticdbPlugin)))
[debug] Clause(Atom(sbt.plugins.JvmPlugin),Set(Atom(sbt.plugins.JUnitXmlReportPlugin)))
[debug] Clause(Atom(sbt.plugins.CorePlugin),Set(Atom(sbt.plugins.Giter8TemplatePlugin)))
[debug] Clause(Atom(sbt.plugins.JvmPlugin),Set(Atom(sbt.plugins.MiniDependencyTreePlugin))))
[debug]   :: deduced result: Matched(sbt.plugins.CorePlugin,sbt.plugins.Giter8TemplatePlugin,sbt.plugins.IvyPlugin,sbt.plugins.JvmPlugin,sbt.plugins.MiniDependencyTreePlugin,sbt.plugins.JUnitXmlReportPlugin,sbt.plugins.SemanticdbPlugin)
[debug] Plugins.deducer#function took 2.295469 ms
[info] loading settings for project root from build.sbt ...
[debug]         Load.resolveProject(root) took 3.445321ms
[debug]       Load.loadTransitive: finalizeProject(Project(id root, base: /home/knoldus/Documents/event-driven-programming/delivery, plugins: List(<none>))) took 7.056113ms
[debug] [Loading] Done in /home/knoldus/Documents/event-driven-programming/delivery, returning: (root)
[debug]     Load.loadUnit: loadedProjectsRaw took 3981.804645ms
[debug]     Load.loadUnit: cleanEvalClasses took 7.52908ms
[debug]   Load.loadUnit(file:/home/knoldus/Documents/event-driven-programming/delivery/, ...) took 4528.184289ms
[debug] Load.apply: load took 4529.881196ms
[debug] Load.apply: resolveProjects took 0.168203ms
[debug] Load.apply: finalTransforms took 12.679351ms
[debug] Load.apply: config.delegates took 0.539574ms
[debug] Load.apply: Def.make(settings)... took 69.892766ms
[debug] Load.apply: structureIndex took 27.179168ms
[debug] Load.apply: mkStreams took 0.003015ms
[info] set current project to delivery (in build file:/home/knoldus/Documents/event-driven-programming/delivery/)
[debug] > Exec(sbtPopOnFailure, None, None)
[debug] > Exec(resumeFromFailure, None, None)
[debug] > Exec(notifyUsersAboutShell, None, None)
[debug] > Exec(iflast shell, None, None)
[debug] > Exec(shell, None, None)
[info] sbt server started at local:///home/knoldus/.sbt/1.0/server/684e3f159c0769a6915f/sock
[debug] Writing bsp connection file
[info] started sbt server
