[debug] > Exec(early(addDefaultCommands), None, None)
[debug] > Exec(addDefaultCommands, None, None)
[debug] > Exec(early(initialize), None, None)
[debug] > Exec(initialize, None, None)
[debug] > Exec(boot, None, None)
[debug] > Exec(writeSbtVersion, None, None)
[debug] > Exec(reload, None, None)
[debug] > Exec(sbtStashOnFailure, None, None)
[debug] > Exec(onFailure loadFailed, None, None)
[debug] > Exec(loadp, None, None)
[info] welcome to sbt 1.9.4 (Oracle Corporation Java 14)
[debug]       Load.loadUnit: plugins took 108.038955ms
[debug]       Load.loadUnit: defsScala took 0.39239ms
[debug] [Loading] Scanning directory /home/knoldus/.sbt/1.0/plugins
[debug] [Loading] Found non-root projects 
[debug] [Loading] Done in /home/knoldus/.sbt/1.0/plugins, returning: ()
[debug] deducing auto plugins based on known facts Set(Atom(sbt.plugins.CorePlugin)) and clauses Clauses(Clause(Atom(sbt.plugins.JvmPlugin),Set(Atom(sbt.plugins.IvyPlugin)))
[debug] Clause(Atom(sbt.ScriptedPlugin),Set(Atom(sbt.plugins.JvmPlugin)))
[debug] Clause(Atom(sbt.plugins.SbtPlugin),Set(Atom(sbt.ScriptedPlugin)))
[debug] Clause(Atom(sbt.plugins.SemanticdbPlugin),Set(Atom(sbt.plugins.JvmPlugin)))
[debug] Clause(Atom(sbt.plugins.JUnitXmlReportPlugin),Set(Atom(sbt.plugins.JvmPlugin)))
[debug] Clause(Atom(sbt.plugins.MiniDependencyTreePlugin),Set(Atom(sbt.plugins.JvmPlugin)))
[debug] Clause(Atom(sbt.plugins.CorePlugin),Set(Atom(sbt.plugins.IvyPlugin)))
[debug] Clause(Atom(sbt.plugins.IvyPlugin),Set(Atom(sbt.plugins.JvmPlugin)))
[debug] Clause(Atom(sbt.plugins.JvmPlugin),Set(Atom(sbt.plugins.SemanticdbPlugin)))
[debug] Clause(Atom(sbt.plugins.JvmPlugin),Set(Atom(sbt.plugins.JUnitXmlReportPlugin)))
[debug] Clause(Atom(sbt.plugins.CorePlugin),Set(Atom(sbt.plugins.Giter8TemplatePlugin)))
[debug] Clause(Atom(sbt.plugins.JvmPlugin),Set(Atom(sbt.plugins.MiniDependencyTreePlugin))))
[debug]   :: deduced result: Matched(sbt.plugins.CorePlugin,sbt.plugins.Giter8TemplatePlugin,sbt.plugins.IvyPlugin,sbt.plugins.JvmPlugin,sbt.plugins.MiniDependencyTreePlugin,sbt.plugins.JUnitXmlReportPlugin,sbt.plugins.SemanticdbPlugin)
[debug] Plugins.deducer#function took 23.704661 ms
[debug]           Load.resolveProject(global-plugins) took 54.601876ms
[debug]         Load.loadTransitive: finalizeProject(Project(id global-plugins, base: /home/knoldus/.sbt/1.0/plugins, plugins: List(<none>))) took 101.647688ms
[debug] [Loading] Done in /home/knoldus/.sbt/1.0/plugins, returning: (global-plugins)
[debug]       Load.loadUnit: loadedProjectsRaw took 130.666921ms
[debug]       Load.loadUnit: cleanEvalClasses took 0.463874ms
[debug]     Load.loadUnit(file:/home/knoldus/.sbt/1.0/plugins/, ...) took 249.988053ms
[debug]   Load.apply: load took 491.95255ms
[debug]   Load.apply: resolveProjects took 5.299099ms
[debug]   Load.apply: finalTransforms took 73.58965ms
[debug]   Load.apply: config.delegates took 9.593304ms
[debug]   Load.apply: Def.make(settings)... took 481.533233ms
[debug]   Load.apply: structureIndex took 120.557545ms
[debug]   Load.apply: mkStreams took 1.471509ms
[info] loading global plugins from /home/knoldus/.sbt/1.0/plugins
[debug] Running task... Cancel: Signal, check cycles: false, forcegc: true
[debug] Load.defaultLoad until apply took 2610.390058ms
[debug]           Load.loadUnit: plugins took 22.708435ms
[debug]           Load.loadUnit: defsScala took 0.006935ms
[debug] [Loading] Scanning directory /home/knoldus/Documents/event-driven-programming/delivery/project
[debug] [Loading] Found non-root projects 
[debug] [Loading] Done in /home/knoldus/Documents/event-driven-programming/delivery/project, returning: ()
[debug] deducing auto plugins based on known facts Set(Atom(sbt.plugins.CorePlugin)) and clauses Clauses(Clause(Atom(sbt.plugins.JvmPlugin),Set(Atom(sbt.plugins.IvyPlugin)))
[debug] Clause(Atom(sbt.ScriptedPlugin),Set(Atom(sbt.plugins.JvmPlugin)))
[debug] Clause(Atom(sbt.plugins.SbtPlugin),Set(Atom(sbt.ScriptedPlugin)))
[debug] Clause(Atom(sbt.plugins.SemanticdbPlugin),Set(Atom(sbt.plugins.JvmPlugin)))
[debug] Clause(Atom(sbt.plugins.JUnitXmlReportPlugin),Set(Atom(sbt.plugins.JvmPlugin)))
[debug] Clause(Atom(sbt.plugins.MiniDependencyTreePlugin),Set(Atom(sbt.plugins.JvmPlugin)))
[debug] Clause(Atom(sbt.plugins.CorePlugin),Set(Atom(sbt.plugins.IvyPlugin)))
[debug] Clause(Atom(sbt.plugins.IvyPlugin),Set(Atom(sbt.plugins.JvmPlugin)))
[debug] Clause(Atom(sbt.plugins.JvmPlugin),Set(Atom(sbt.plugins.SemanticdbPlugin)))
[debug] Clause(Atom(sbt.plugins.JvmPlugin),Set(Atom(sbt.plugins.JUnitXmlReportPlugin)))
[debug] Clause(Atom(sbt.plugins.CorePlugin),Set(Atom(sbt.plugins.Giter8TemplatePlugin)))
[debug] Clause(Atom(sbt.plugins.JvmPlugin),Set(Atom(sbt.plugins.MiniDependencyTreePlugin))))
[debug]   :: deduced result: Matched(sbt.plugins.CorePlugin,sbt.plugins.Giter8TemplatePlugin,sbt.plugins.IvyPlugin,sbt.plugins.JvmPlugin,sbt.plugins.MiniDependencyTreePlugin,sbt.plugins.JUnitXmlReportPlugin,sbt.plugins.SemanticdbPlugin)
[debug] Plugins.deducer#function took 2.73277 ms
[debug]               Load.resolveProject(delivery-build) took 1.641384ms
[debug]             Load.loadTransitive: finalizeProject(Project(id delivery-build, base: /home/knoldus/Documents/event-driven-programming/delivery/project, plugins: List(<none>))) took 5.079574ms
[debug] [Loading] Done in /home/knoldus/Documents/event-driven-programming/delivery/project, returning: (delivery-build)
[debug]           Load.loadUnit: loadedProjectsRaw took 7.731748ms
[debug]           Load.loadUnit: cleanEvalClasses took 0.019376ms
[debug]         Load.loadUnit(file:/home/knoldus/Documents/event-driven-programming/delivery/project/, ...) took 31.188362ms
[debug]       Load.apply: load took 32.764055ms
[debug]       Load.apply: resolveProjects took 0.129594ms
[debug]       Load.apply: finalTransforms took 15.61268ms
[debug]       Load.apply: config.delegates took 0.692179ms
[debug]       Load.apply: Def.make(settings)... took 115.575433ms
[debug]       Load.apply: structureIndex took 43.281242ms
[debug]       Load.apply: mkStreams took 0.004192ms
[info] loading project definition from /home/knoldus/Documents/event-driven-programming/delivery/project
[debug] Running task... Cancel: Signal, check cycles: false, forcegc: true
[debug]     Load.loadUnit: plugins took 505.245398ms
[debug]     Load.loadUnit: defsScala took 0.005625ms
[debug] [Loading] Scanning directory /home/knoldus/Documents/event-driven-programming/delivery
[debug]       Load.loadUnit: mkEval took 5.969317ms
[debug] [Loading] Found root project root w/ remaining 
[debug] deducing auto plugins based on known facts Set(Atom(sbt.plugins.CorePlugin)) and clauses Clauses(Clause(Atom(sbt.plugins.JvmPlugin),Set(Atom(sbt.plugins.IvyPlugin)))
[debug] Clause(Atom(sbt.ScriptedPlugin),Set(Atom(sbt.plugins.JvmPlugin)))
[debug] Clause(Atom(sbt.plugins.SbtPlugin),Set(Atom(sbt.ScriptedPlugin)))
[debug] Clause(Atom(sbt.plugins.SemanticdbPlugin),Set(Atom(sbt.plugins.JvmPlugin)))
[debug] Clause(Atom(sbt.plugins.JUnitXmlReportPlugin),Set(Atom(sbt.plugins.JvmPlugin)))
[debug] Clause(Atom(sbt.plugins.MiniDependencyTreePlugin),Set(Atom(sbt.plugins.JvmPlugin)))
[debug] Clause(Atom(sbt.plugins.CorePlugin),Set(Atom(sbt.plugins.IvyPlugin)))
[debug] Clause(Atom(sbt.plugins.IvyPlugin),Set(Atom(sbt.plugins.JvmPlugin)))
[debug] Clause(Atom(sbt.plugins.JvmPlugin),Set(Atom(sbt.plugins.SemanticdbPlugin)))
[debug] Clause(Atom(sbt.plugins.JvmPlugin),Set(Atom(sbt.plugins.JUnitXmlReportPlugin)))
[debug] Clause(Atom(sbt.plugins.CorePlugin),Set(Atom(sbt.plugins.Giter8TemplatePlugin)))
[debug] Clause(Atom(sbt.plugins.JvmPlugin),Set(Atom(sbt.plugins.MiniDependencyTreePlugin))))
[debug]   :: deduced result: Matched(sbt.plugins.CorePlugin,sbt.plugins.Giter8TemplatePlugin,sbt.plugins.IvyPlugin,sbt.plugins.JvmPlugin,sbt.plugins.MiniDependencyTreePlugin,sbt.plugins.JUnitXmlReportPlugin,sbt.plugins.SemanticdbPlugin)
[debug] Plugins.deducer#function took 2.119809 ms
[info] loading settings for project root from build.sbt ...
[debug]         Load.resolveProject(root) took 2.36623ms
[debug]       Load.loadTransitive: finalizeProject(Project(id root, base: /home/knoldus/Documents/event-driven-programming/delivery, plugins: List(<none>))) took 5.370511ms
[debug] [Loading] Done in /home/knoldus/Documents/event-driven-programming/delivery, returning: (root)
[debug]     Load.loadUnit: loadedProjectsRaw took 159.77461ms
[debug]     Load.loadUnit: cleanEvalClasses took 3.085699ms
[debug]   Load.loadUnit(file:/home/knoldus/Documents/event-driven-programming/delivery/, ...) took 668.716384ms
[debug] Load.apply: load took 670.099245ms
[debug] Load.apply: resolveProjects took 0.167189ms
[debug] Load.apply: finalTransforms took 10.852501ms
[debug] Load.apply: config.delegates took 0.492074ms
[debug] Load.apply: Def.make(settings)... took 105.40354ms
[debug] Load.apply: structureIndex took 33.111817ms
[debug] Load.apply: mkStreams took 0.002849ms
[info] set current project to delivery (in build file:/home/knoldus/Documents/event-driven-programming/delivery/)
[debug] > Exec(sbtPopOnFailure, None, None)
[debug] > Exec(resumeFromFailure, None, None)
[debug] > Exec(notifyUsersAboutShell, None, None)
[debug] > Exec(iflast shell, None, None)
[debug] > Exec(shell, None, None)
[info] sbt server started at local:///home/knoldus/.sbt/1.0/server/684e3f159c0769a6915f/sock
[debug] Writing bsp connection file
[info] started sbt server
